Arguments: 
  C:\Program Files\nodejs\node.exe C:\Program Files (x86)\Yarn\bin\yarn.js add @react-spring/parallax

PATH: 
  C:\Program Files\ImageMagick-7.1.1-Q16-HDRI;C:\Python311\Scripts\;C:\Python311\;C:\Program Files (x86)\Common Files\Intel\Shared Libraries\redist\intel64\compiler;C:\Python27\Lib\site-packages\PyQt4;C:\Program Files\Common Files\Oracle\Java\javapath;C:\python 3.7\Scripts\;C:\python 3.7\;C:\WINDOWS\system32;C:\WINDOWS;C:\WINDOWS\System32\Wbem;C:\WINDOWS\System32\WindowsPowerShell\v1.0\;C:\WINDOWS\System32\OpenSSH\;C:\MinGW\bin;C:\Python27;C:\Python27\DLLs;C:\Python27\Scripts;C:\Python27\Lib\site-packages\vtk;C:\Python27\gnuplot\binary;C:\Python27\Lib\site-packages\osgeo;C:\Program Files (x86)\pythonxy\SciTE-3.5.1-4;C:\Program Files (x86)\pythonxy\console;C:\Program Files (x86)\pythonxy\swig;C:\Program Files (x86)\pythonxy\gettext\bin;search-ms:displayname=Search%20Results%20in%20opencv-4.x&crumb=System.Generic.String%3Abin&crumb=location:C%3A%5CUsers%5Canant%5CDownloads%5Copencv-4.x%5Copencv-4.x;C:\ProgramData\chocolatey\bin;C:\Users\anant\AppData\Roaming\nvm;C:\Program Files\nodejs;C:\Program Files\nodejs\;C:\Program Files (x86)\Yarn\bin\;C:\Users\anant\miniconda3\Lib\site-packages\pynecone;C:\Windows\System32\WindowsPowerShell\v1.0;C:\iverilog\bin;C:\Program Files\Git\cmd;C:\Program Files\MySQL\MySQL Server 8.0\bin;C:\Program Files\dotnet\;C:\Program Files\Microsoft SQL Server\150\Tools\Binn\;C:\Program Files\Microsoft SQL Server\Client SDK\ODBC\170\Tools\Binn\;C:\Program Files (x86)\Microsoft SQL Server\160\Tools\Binn\;C:\Program Files\Microsoft SQL Server\160\Tools\Binn\;C:\Program Files\Microsoft SQL Server\160\DTS\Binn\;C:\Program Files (x86)\Microsoft SQL Server\160\DTS\Binn\;C:\Program Files\Azure Data Studio\bin;C:\TDM-GCC-64\bin;C:\Users\anant\AppData\Local\Programs\Python\Python312\Scripts\;C:\Users\anant\AppData\Local\Programs\Python\Python312\;C:\Program Files\MySQL\MySQL Shell 8.0\bin\;C:\Users\anant\AppData\Local\Microsoft\WindowsApps;C:\Users\anant\AppData\Local\Programs\Microsoft VS Code\bin;C:\Program Files\heroku\bin;C:\Users\anant\AppData\Roaming\nvm;C:\Program Files\nodejs;C:\Users\anant\AppData\Roaming\npm;C:\Users\anant\AppData\Local\Yarn\bin;C:\Users\anant\AppData\Roaming\Python\Python311\Scripts;C:\iverilog\bin;C:\Users\anant\AppData\Local\GitHubDesktop\bin;C:\Users\anant\.dotnet\tools;C:\Program Files\Azure Data Studio\bin

Yarn version: 
  1.22.19

Node version: 
  18.16.0

Platform: 
  win32 x64

Trace: 
  Error: EPERM: operation not permitted, unlink 'C:\Users\anant\Desktop\freelance\meetmyhelper\node_modules\@esbuild\win32-x64\esbuild.exe'

npm manifest: 
  {
    "name": "meetmyhelper",
    "private": true,
    "version": "0.0.0",
    "type": "module",
    "scripts": {
      "dev": "vite",
      "build": "vite build",
      "lint": "eslint . --ext js,jsx --report-unused-disable-directives --max-warnings 0",
      "preview": "vite preview"
    },
    "dependencies": {
      "@fortawesome/free-solid-svg-icons": "^6.5.2",
      "@fortawesome/react-fontawesome": "^0.2.0",
      "antd": "^5.16.2",
      "firebase": "^10.11.0",
      "react": "^18.2.0",
      "react-dom": "^18.2.0",
      "react-navigation": "^5.0.0",
      "react-router-dom": "^6.22.3"
    },
    "devDependencies": {
      "@types/react": "^18.2.66",
      "@types/react-dom": "^18.2.22",
      "@vitejs/plugin-react": "^4.2.1",
      "eslint": "^8.57.0",
      "eslint-plugin-react": "^7.34.1",
      "eslint-plugin-react-hooks": "^4.6.0",
      "eslint-plugin-react-refresh": "^0.4.6",
      "vite": "^5.2.0"
    }
  }

yarn manifest: 
  No manifest

Lockfile: 
  No lockfile
